\BOOKMARK [0][-]{section*.5}{\376\377\000C\000o\000n\000t\000e\000n\000t\000s}{}% 1
\BOOKMARK [0][-]{chapter.1}{\376\377\0001\000\040\000I\000n\000t\000r\000o\000d\000u\000c\000t\000i\000o\000n}{}% 2
\BOOKMARK [1][-]{section.1.1}{\376\377\0001\000.\0001\000\040\000M\000o\000t\000i\000v\000a\000t\000i\000o\000n}{chapter.1}% 3
\BOOKMARK [1][-]{section.1.2}{\376\377\0001\000.\0002\000\040\000O\000b\000j\000e\000c\000t\000i\000v\000e\000s}{chapter.1}% 4
\BOOKMARK [1][-]{section.1.3}{\376\377\0001\000.\0003\000\040\000O\000u\000t\000l\000i\000n\000e}{chapter.1}% 5
\BOOKMARK [0][-]{chapter.2}{\376\377\0002\000\040\000T\000h\000e\000o\000r\000e\000t\000i\000c\000a\000l\000\040\000B\000a\000c\000k\000g\000r\000o\000u\000n\000d}{}% 6
\BOOKMARK [1][-]{section.2.1}{\376\377\0002\000.\0001\000\040\000S\000e\000t\000u\000p}{chapter.2}% 7
\BOOKMARK [2][-]{subsection.2.1.1}{\376\377\0002\000.\0001\000.\0001\000\040\000S\000u\000b\000j\000e\000c\000t}{section.2.1}% 8
\BOOKMARK [2][-]{subsection.2.1.2}{\376\377\0002\000.\0001\000.\0002\000\040\000A\000g\000e\000n\000t}{section.2.1}% 9
\BOOKMARK [0][-]{chapter.3}{\376\377\0003\000\040\000E\000v\000e\000n\000t\000s}{}% 10
\BOOKMARK [1][-]{section.3.1}{\376\377\0003\000.\0001\000\040\000E\000v\000e\000n\000t\000\040\000S\000t\000r\000u\000c\000t\000u\000r\000e}{chapter.3}% 11
\BOOKMARK [1][-]{section.3.2}{\376\377\0003\000.\0002\000\040\000S\000e\000n\000s\000o\000r\000s}{chapter.3}% 12
\BOOKMARK [2][-]{subsection.3.2.1}{\376\377\0003\000.\0002\000.\0001\000\040\000M\000i\000c\000r\000o\000s\000o\000f\000t\000\040\000K\000i\000n\000e\000k\000t}{section.3.2}% 13
\BOOKMARK [2][-]{subsection.3.2.2}{\376\377\0003\000.\0002\000.\0002\000\040\000S\000M\000I\000\040\000E\000y\000e\000t\000r\000a\000c\000k\000e\000r}{section.3.2}% 14
\BOOKMARK [2][-]{subsection.3.2.3}{\376\377\0003\000.\0002\000.\0003\000\040\000M\000i\000c\000r\000o\000p\000h\000o\000n\000e}{section.3.2}% 15
\BOOKMARK [1][-]{section.3.3}{\376\377\0003\000.\0003\000\040\000S\000c\000e\000n\000e\000m\000a\000k\000e\000r}{chapter.3}% 16
\BOOKMARK [2][-]{subsection.3.3.1}{\376\377\0003\000.\0003\000.\0001\000\040\000G\000a\000z\000e}{section.3.3}% 17
\BOOKMARK [2][-]{subsection.3.3.2}{\376\377\0003\000.\0003\000.\0002\000\040\000S\000p\000e\000e\000c\000h}{section.3.3}% 18
\BOOKMARK [0][-]{chapter.4}{\376\377\0004\000\040\000M\000a\000i\000n\000\040\000M\000o\000d\000u\000l\000e\000s}{}% 19
\BOOKMARK [1][-]{section.4.1}{\376\377\0004\000.\0001\000\040\000M\000u\000t\000u\000a\000l\000\040\000F\000a\000c\000i\000a\000l\000\040\000G\000a\000z\000e}{chapter.4}% 20
\BOOKMARK [1][-]{section.4.2}{\376\377\0004\000.\0002\000\040\000D\000i\000r\000e\000c\000t\000e\000d\000\040\000G\000a\000z\000e}{chapter.4}% 21
\BOOKMARK [1][-]{section.4.3}{\376\377\0004\000.\0003\000\040\000A\000d\000j\000a\000c\000e\000n\000c\000y\000\040\000P\000a\000i\000r}{chapter.4}% 22
\BOOKMARK [1][-]{section.4.4}{\376\377\0004\000.\0004\000\040\000B\000a\000c\000h\000c\000h\000a\000n\000n\000e\000l\000i\000n\000g}{chapter.4}% 23
\BOOKMARK [0][-]{chapter.5}{\376\377\0005\000\040\000B\000a\000y\000e\000s\000i\000a\000n\000\040\000N\000e\000t\000w\000o\000r\000k}{}% 24
\BOOKMARK [0][-]{chapter.6}{\376\377\0006\000\040\000S\000u\000m\000m\000e\000r\000y}{}% 25
